# JRE version: Java(TM) SE Runtime Environment (8.0_121-b13) (build 1.8.0_121-b13)
# Java VM: Java HotSpot(TM) 64-Bit Server VM (25.121-b13 mixed mode linux-amd64 compressed oops)
Heap:
 PSYoungGen      total 179712K, used 10641K [0x00000000eab00000, 0x00000000fd300000, 0x0000000100000000)
  eden space 125440K, 0% used [0x00000000eab00000,0x00000000eab00000,0x00000000f2580000)
  from space 54272K, 19% used [0x00000000f2580000,0x00000000f2fe45f0,0x00000000f5a80000)
  to   space 75264K, 0% used [0x00000000f8980000,0x00000000f8980000,0x00000000fd300000)
 ParOldGen       total 102912K, used 102649K [0x00000000c0000000, 0x00000000c6480000, 0x00000000eab00000)
  object space 102912K, 99% used [0x00000000c0000000,0x00000000c643e7f8,0x00000000c6480000)
 Metaspace       used 6170K, capacity 7128K, committed 7424K, reserved 1056768K
  class space    used 614K, capacity 656K, committed 768K, reserved 1048576K
GC Heap History (10 events):
Event: 17.771 GC heap after
Heap after GC invocations=9 (full 2):
 PSYoungGen      total 107008K, used 0K [0x00000000eab00000, 0x00000000f7500000, 0x0000000100000000)
  eden space 77824K, 0% used [0x00000000eab00000,0x00000000eab00000,0x00000000ef700000)
  from space 29184K, 0% used [0x00000000ef700000,0x00000000ef700000,0x00000000f1380000)
  to   space 39936K, 0% used [0x00000000f4e00000,0x00000000f4e00000,0x00000000f7500000)
 ParOldGen       total 102912K, used 44506K [0x00000000c0000000, 0x00000000c6480000, 0x00000000eab00000)
  object space 102912K, 43% used [0x00000000c0000000,0x00000000c2b76bd0,0x00000000c6480000)
 Metaspace       used 5982K, capacity 7024K, committed 7296K, reserved 1056768K
  class space    used 593K, capacity 616K, committed 640K, reserved 1048576K
}
Event: 18.614 GC heap before
{Heap before GC invocations=10 (full 2):
 PSYoungGen      total 107008K, used 77824K [0x00000000eab00000, 0x00000000f7500000, 0x0000000100000000)
  eden space 77824K, 100% used [0x00000000eab00000,0x00000000ef700000,0x00000000ef700000)
  from space 29184K, 0% used [0x00000000ef700000,0x00000000ef700000,0x00000000f1380000)
  to   space 39936K, 0% used [0x00000000f4e00000,0x00000000f4e00000,0x00000000f7500000)
 ParOldGen       total 102912K, used 44506K [0x00000000c0000000, 0x00000000c6480000, 0x00000000eab00000)
  object space 102912K, 43% used [0x00000000c0000000,0x00000000c2b76bd0,0x00000000c6480000)
 Metaspace       used 6004K, capacity 7024K, committed 7296K, reserved 1056768K
  class space    used 593K, capacity 616K, committed 640K, reserved 1048576K
Event: 19.502 GC heap after
Heap after GC invocations=10 (full 2):
 PSYoungGen      total 137216K, used 27700K [0x00000000eab00000, 0x00000000f6980000, 0x0000000100000000)
  eden space 109056K, 0% used [0x00000000eab00000,0x00000000eab00000,0x00000000f1580000)
  from space 28160K, 98% used [0x00000000f4e00000,0x00000000f690d378,0x00000000f6980000)
  to   space 41984K, 0% used [0x00000000f1780000,0x00000000f1780000,0x00000000f4080000)
 ParOldGen       total 102912K, used 44514K [0x00000000c0000000, 0x00000000c6480000, 0x00000000eab00000)
  object space 102912K, 43% used [0x00000000c0000000,0x00000000c2b78bd0,0x00000000c6480000)
 Metaspace       used 6004K, capacity 7024K, committed 7296K, reserved 1056768K
  class space    used 593K, capacity 616K, committed 640K, reserved 1048576K
}
Event: 20.926 GC heap before
{Heap before GC invocations=11 (full 2):
 PSYoungGen      total 137216K, used 136756K [0x00000000eab00000, 0x00000000f6980000, 0x0000000100000000)
  eden space 109056K, 100% used [0x00000000eab00000,0x00000000f1580000,0x00000000f1580000)
  from space 28160K, 98% used [0x00000000f4e00000,0x00000000f690d378,0x00000000f6980000)
  to   space 41984K, 0% used [0x00000000f1780000,0x00000000f1780000,0x00000000f4080000)
 ParOldGen       total 102912K, used 44514K [0x00000000c0000000, 0x00000000c6480000, 0x00000000eab00000)
  object space 102912K, 43% used [0x00000000c0000000,0x00000000c2b78bd0,0x00000000c6480000)
 Metaspace       used 6013K, capacity 7024K, committed 7296K, reserved 1056768K
  class space    used 593K, capacity 616K, committed 640K, reserved 1048576K
Event: 21.024 GC heap after
Heap after GC invocations=11 (full 2):
 PSYoungGen      total 153088K, used 37474K [0x00000000eab00000, 0x00000000f8880000, 0x0000000100000000)
  eden space 111104K, 0% used [0x00000000eab00000,0x00000000eab00000,0x00000000f1780000)
  from space 41984K, 89% used [0x00000000f1780000,0x00000000f3c18aa8,0x00000000f4080000)
  to   space 47104K, 0% used [0x00000000f5a80000,0x00000000f5a80000,0x00000000f8880000)
 ParOldGen       total 102912K, used 44514K [0x00000000c0000000, 0x00000000c6480000, 0x00000000eab00000)
  object space 102912K, 43% used [0x00000000c0000000,0x00000000c2b78bd0,0x00000000c6480000)
 Metaspace       used 6013K, capacity 7024K, committed 7296K, reserved 1056768K
  class space    used 593K, capacity 616K, committed 640K, reserved 1048576K
}
Event: 26.476 GC heap before
{Heap before GC invocations=12 (full 2):
 PSYoungGen      total 153088K, used 148578K [0x00000000eab00000, 0x00000000f8880000, 0x0000000100000000)
  eden space 111104K, 100% used [0x00000000eab00000,0x00000000f1780000,0x00000000f1780000)
  from space 41984K, 89% used [0x00000000f1780000,0x00000000f3c18aa8,0x00000000f4080000)
  to   space 47104K, 0% used [0x00000000f5a80000,0x00000000f5a80000,0x00000000f8880000)
 ParOldGen       total 102912K, used 44514K [0x00000000c0000000, 0x00000000c6480000, 0x00000000eab00000)
  object space 102912K, 43% used [0x00000000c0000000,0x00000000c2b78bd0,0x00000000c6480000)
 Metaspace       used 6170K, capacity 7128K, committed 7424K, reserved 1056768K
  class space    used 614K, capacity 656K, committed 768K, reserved 1048576K
Event: 26.750 GC heap after
Heap after GC invocations=12 (full 2):
 PSYoungGen      total 172544K, used 46678K [0x00000000eab00000, 0x00000000f9680000, 0x0000000100000000)
  eden space 125440K, 0% used [0x00000000eab00000,0x00000000eab00000,0x00000000f2580000)
  from space 47104K, 99% used [0x00000000f5a80000,0x00000000f8815930,0x00000000f8880000)
  to   space 54272K, 0% used [0x00000000f2580000,0x00000000f2580000,0x00000000f5a80000)
 ParOldGen       total 102912K, used 44514K [0x00000000c0000000, 0x00000000c6480000, 0x00000000eab00000)
  object space 102912K, 43% used [0x00000000c0000000,0x00000000c2b78bd0,0x00000000c6480000)
 Metaspace       used 6170K, capacity 7128K, committed 7424K, reserved 1056768K
  class space    used 614K, capacity 656K, committed 768K, reserved 1048576K
}
Event: 27.320 GC heap before
{Heap before GC invocations=13 (full 2):
 PSYoungGen      total 172544K, used 172118K [0x00000000eab00000, 0x00000000f9680000, 0x0000000100000000)
  eden space 125440K, 100% used [0x00000000eab00000,0x00000000f2580000,0x00000000f2580000)
  from space 47104K, 99% used [0x00000000f5a80000,0x00000000f8815930,0x00000000f8880000)
  to   space 54272K, 0% used [0x00000000f2580000,0x00000000f2580000,0x00000000f5a80000)
 ParOldGen       total 102912K, used 44514K [0x00000000c0000000, 0x00000000c6480000, 0x00000000eab00000)
  object space 102912K, 43% used [0x00000000c0000000,0x00000000c2b78bd0,0x00000000c6480000)
 Metaspace       used 6170K, capacity 7128K, committed 7424K, reserved 1056768K
  class space    used 614K, capacity 656K, committed 768K, reserved 1048576K
Event: 27.451 GC heap after
Heap after GC invocations=13 (full 2):
 PSYoungGen      total 179712K, used 54247K [0x00000000eab00000, 0x00000000fd300000, 0x0000000100000000)
  eden space 125440K, 0% used [0x00000000eab00000,0x00000000eab00000,0x00000000f2580000)
  from space 54272K, 99% used [0x00000000f2580000,0x00000000f5a79cd8,0x00000000f5a80000)
  to   space 75264K, 0% used [0x00000000f8980000,0x00000000f8980000,0x00000000fd300000)
 ParOldGen       total 102912K, used 78622K [0x00000000c0000000, 0x00000000c6480000, 0x00000000eab00000)
  object space 102912K, 76% used [0x00000000c0000000,0x00000000c4cc7890,0x00000000c6480000)
 Metaspace       used 6170K, capacity 7128K, committed 7424K, reserved 1056768K
  class space    used 614K, capacity 656K, committed 768K, reserved 1048576K
}
Event: 27.451 GC heap before
{Heap before GC invocations=14 (full 3):
 PSYoungGen      total 179712K, used 54247K [0x00000000eab00000, 0x00000000fd300000, 0x0000000100000000)
  eden space 125440K, 0% used [0x00000000eab00000,0x00000000eab00000,0x00000000f2580000)
  from space 54272K, 99% used [0x00000000f2580000,0x00000000f5a79cd8,0x00000000f5a80000)
  to   space 75264K, 0% used [0x00000000f8980000,0x00000000f8980000,0x00000000fd300000)
 ParOldGen       total 102912K, used 78622K [0x00000000c0000000, 0x00000000c6480000, 0x00000000eab00000)
  object space 102912K, 76% used [0x00000000c0000000,0x00000000c4cc7890,0x00000000c6480000)
 Metaspace       used 6170K, capacity 7128K, committed 7424K, reserved 1056768K
  class space    used 614K, capacity 656K, committed 768K, reserved 1048576K

